Application bundle generation failed. [4.497 seconds] - 2026-03-31T17:22:28.778Z

node.exe : [1m[31m[31mX 
[41;31m[[41;97mERROR[41;31m][0m [1mTS2339: 
Property 'appwriteEndpoint' does not exist on type '{ 
production: boolean; appwriteUrl: string; 
appwriteProject: string; appwriteDatabaseId: string; 
appwriteBucketId: string; viacepUrl: string; }'.[0m 
[1m[35m[plugin angular-compiler][0m
No linha:1 caractere:1
+ & "C:\Program Files\nodejs/node.exe" "C:\Program 
Files\nodejs/node_mo ...
+ ~~~~~~~~~~~~~~~~~~~~~~~~~~~~~~~~~~~~~~~~~~~~~~~~~~~~
~~~~~~~~~~~~~~~~~
    + CategoryInfo          : NotSpecified: 
([1m[31m[    31mX...r-compiler][0m:String) [], 
RemoteException
    + FullyQualifiedErrorId : NativeCommandError
 

    projects/admin-loja/src/app/core/services/appwrite
.service.ts:26:31:
[37m      26 Ôöé       
.setEndpoint(environment.[32mappwriteEndpoint[37m)
         ÔòÁ                                
[32m~~~~~~~~~~~~~~~~[0m


[31mX [41;31m[[41;97mERROR[41;31m][0m 
[1mTS2551: Property 'appwriteProjectId' does not 
exist on type '{ production: boolean; appwriteUrl: 
string; appwriteProject: string; appwriteDatabaseId: 
string; appwriteBucketId: string; viacepUrl: string; 
}'. Did you mean 'appwriteProject'?[0m 
[1m[35m[plugin angular-compiler][0m

    projects/admin-loja/src/app/core/services/appwrite
.service.ts:27:30:
[37m      27 Ôöé       
.setProject(environment.[32mappwriteProjectId[37m);
         ÔòÁ                               
[32m~~~~~~~~~~~~~~~~~[0m

  'appwriteProject' is declared here.

    projects/admin-loja/src/environments/environment.t
s:4:2:
[37m      4 Ôöé   [32mappwriteProject: 
'69b1acbe003cf6c0aa3d'[37m,
        ÔòÁ   
[32m~~~~~~~~~~~~~~~~~~~~~~~~~~~~~~~~~~~~~~~[0m


[31mX [41;31m[[41;97mERROR[41;31m][0m 
[1mTS2339: Property 'appwriteEndpoint' does not 
exist on type '{ production: boolean; appwriteUrl: 
string; appwriteProject: string; appwriteDatabaseId: 
string; appwriteBucketId: string; viacepUrl: string; 
}'.[0m [1m[35m[plugin angular-compiler][0m

    projects/admin-loja/src/app/core/services/appwrite
.service.ts:36:26:
[37m      36 Ôöé     return `${environment.[32mappwr
iteEndpoint[37m}/storage/buckets/${this...
         ÔòÁ                           
[32m~~~~~~~~~~~~~~~~[0m


[31mX [41;31m[[41;97mERROR[41;31m][0m 
[1mTS2551: Property 'appwriteProjectId' does not 
exist on type '{ production: boolean; appwriteUrl: 
string; appwriteProject: string; appwriteDatabaseId: 
string; appwriteBucketId: string; viacepUrl: string; 
}'. Did you mean 'appwriteProject'?[0m 
[1m[35m[plugin angular-compiler][0m

    projects/admin-loja/src/app/core/services/appwrite
.service.ts:36:155:
[37m      36 Ôöé ...width}&height=${height}&project=$
{environment.[32mappwriteProjectId[37m}`;
         ÔòÁ                                          
        [32m~~~~~~~~~~~~~~~~~[0m

  'appwriteProject' is declared here.

    projects/admin-loja/src/environments/environment.t
s:4:2:
[37m      4 Ôöé   [32mappwriteProject: 
'69b1acbe003cf6c0aa3d'[37m,
        ÔòÁ   
[32m~~~~~~~~~~~~~~~~~~~~~~~~~~~~~~~~~~~~~~~[0m


[31mX [41;31m[[41;97mERROR[41;31m][0m 
[1mTS2339: Property 'appwriteEndpoint' does not 
exist on type '{ production: boolean; appwriteUrl: 
string; appwriteProject: string; appwriteDatabaseId: 
string; appwriteBucketId: string; viacepUrl: string; 
}'.[0m [1m[35m[plugin angular-compiler][0m

    projects/admin-loja/src/app/core/services/appwrite
.service.ts:40:26:
[37m      40 Ôöé     return `${environment.[32mappwr
iteEndpoint[37m}/storage/buckets/${this...
         ÔòÁ                           
[32m~~~~~~~~~~~~~~~~[0m


[31mX [41;31m[[41;97mERROR[41;31m][0m 
[1mTS2551: Property 'appwriteProjectId' does not 
exist on type '{ production: boolean; appwriteUrl: 
string; appwriteProject: string; appwriteDatabaseId: 
string; appwriteBucketId: string; viacepUrl: string; 
}'. Did you mean 'appwriteProject'?[0m 
[1m[35m[plugin angular-compiler][0m

    projects/admin-loja/src/app/core/services/appwrite
.service.ts:40:120:
[37m      40 Ôöé ...d}/files/${fileId}/view?project=$
{environment.[32mappwriteProjectId[37m}`;
         ÔòÁ                                          
        [32m~~~~~~~~~~~~~~~~~[0m

  'appwriteProject' is declared here.

    projects/admin-loja/src/environments/environment.t
s:4:2:
[37m      4 Ôöé   [32mappwriteProject: 
'69b1acbe003cf6c0aa3d'[37m,
        ÔòÁ   
[32m~~~~~~~~~~~~~~~~~~~~~~~~~~~~~~~~~~~~~~~[0m

[39m[22m
